0 verbose cli D:\nvm4w\nodejs\node.exe D:\nvm4w\nodejs\node_modules\npm\bin\npm-cli.js
1 info using npm@10.8.2
2 info using node@v20.19.2
3 silly config load:file:D:\Users\MI\AppData\Local\nvm\v20.19.2\node_modules\npm\npmrc
4 silly config load:file:D:\桌面\ro-Aichat\chat-back\.npmrc
5 silly config load:file:C:\Users\MI\.npmrc
6 silly config load:file:D:\Program Files\nodejs\node_global\etc\npmrc
7 verbose title npm install express ws dotenv cors
8 verbose argv "install" "express" "ws" "dotenv" "cors" "--cache" ".npm-cache"
9 verbose logfile logs-max:10 dir:D:\桌面\ro-Aichat\chat-back\.npm-cache\_logs\2026-03-08T10_52_43_687Z-
10 verbose logfile D:\桌面\ro-Aichat\chat-back\.npm-cache\_logs\2026-03-08T10_52_43_687Z-debug-0.log
11 silly packumentCache heap:4345298944 maxSize:1086324736 maxEntrySize:543162368
12 silly logfile done cleaning log files
13 silly idealTree buildDeps
14 silly fetch manifest express@*
15 silly packumentCache full:https://registry.npmjs.org/express cache-miss
16 http fetch GET 200 https://registry.npmjs.org/express 493ms (cache miss)
17 silly packumentCache full:https://registry.npmjs.org/express set size:undefined disposed:false
18 silly fetch manifest ws@*
19 silly packumentCache full:https://registry.npmjs.org/ws cache-miss
20 http fetch GET 200 https://registry.npmjs.org/npm 642ms
21 http fetch GET 200 https://registry.npmjs.org/ws 198ms (cache miss)
22 silly packumentCache full:https://registry.npmjs.org/ws set size:undefined disposed:false
23 silly fetch manifest bufferutil@^4.0.1
24 silly packumentCache full:https://registry.npmjs.org/bufferutil cache-miss
25 http fetch GET 200 https://registry.npmjs.org/bufferutil 154ms (cache miss)
26 silly packumentCache full:https://registry.npmjs.org/bufferutil set size:undefined disposed:false
27 silly fetch manifest utf-8-validate@>=5.0.2
28 silly packumentCache full:https://registry.npmjs.org/utf-8-validate cache-miss
29 http fetch GET 200 https://registry.npmjs.org/utf-8-validate 148ms (cache miss)
30 silly packumentCache full:https://registry.npmjs.org/utf-8-validate set size:undefined disposed:false
31 silly fetch manifest dotenv@*
32 silly packumentCache full:https://registry.npmjs.org/dotenv cache-miss
33 http fetch GET 200 https://registry.npmjs.org/dotenv 219ms (cache miss)
34 silly packumentCache full:https://registry.npmjs.org/dotenv set size:undefined disposed:false
35 silly fetch manifest cors@*
36 silly packumentCache full:https://registry.npmjs.org/cors cache-miss
37 http fetch GET 200 https://registry.npmjs.org/cors 136ms (cache miss)
38 silly packumentCache full:https://registry.npmjs.org/cors set size:undefined disposed:false
39 silly placeDep ROOT cors@2.8.6 OK for: chat-back@1.0.0 want: *
40 silly placeDep ROOT dotenv@17.3.1 OK for: chat-back@1.0.0 want: *
41 silly placeDep ROOT express@5.2.1 OK for: chat-back@1.0.0 want: *
42 silly placeDep ROOT ws@8.19.0 OK for: chat-back@1.0.0 want: *
43 silly fetch manifest object-assign@^4
44 silly packumentCache full:https://registry.npmjs.org/object-assign cache-miss
45 silly fetch manifest vary@^1
46 silly packumentCache full:https://registry.npmjs.org/vary cache-miss
47 silly fetch manifest qs@^6.14.0
48 silly packumentCache full:https://registry.npmjs.org/qs cache-miss
49 silly fetch manifest depd@^2.0.0
50 silly packumentCache full:https://registry.npmjs.org/depd cache-miss
51 silly fetch manifest etag@^1.8.1
52 silly packumentCache full:https://registry.npmjs.org/etag cache-miss
53 silly fetch manifest once@^1.4.0
54 silly packumentCache full:https://registry.npmjs.org/once cache-miss
55 silly fetch manifest send@^1.1.0
56 silly packumentCache full:https://registry.npmjs.org/send cache-miss
57 silly fetch manifest vary@^1.1.2
58 silly packumentCache full:https://registry.npmjs.org/vary cache-miss
59 silly fetch manifest debug@^4.4.0
60 silly packumentCache full:https://registry.npmjs.org/debug cache-miss
61 silly fetch manifest fresh@^2.0.0
62 silly packumentCache full:https://registry.npmjs.org/fresh cache-miss
63 silly fetch manifest cookie@^0.7.1
64 silly packumentCache full:https://registry.npmjs.org/cookie cache-miss
65 silly fetch manifest router@^2.2.0
66 silly packumentCache full:https://registry.npmjs.org/router cache-miss
67 silly fetch manifest accepts@^2.0.0
68 silly packumentCache full:https://registry.npmjs.org/accepts cache-miss
69 silly fetch manifest type-is@^2.0.1
70 silly packumentCache full:https://registry.npmjs.org/type-is cache-miss
71 silly fetch manifest parseurl@^1.3.3
72 silly packumentCache full:https://registry.npmjs.org/parseurl cache-miss
73 http fetch GET 200 https://registry.npmjs.org/vary 222ms (cache miss)
74 silly packumentCache full:https://registry.npmjs.org/vary set size:undefined disposed:false
75 silly fetch manifest statuses@^2.0.1
76 silly packumentCache full:https://registry.npmjs.org/statuses cache-miss
77 http fetch GET 200 https://registry.npmjs.org/object-assign 226ms (cache miss)
78 silly packumentCache full:https://registry.npmjs.org/object-assign set size:undefined disposed:false
79 silly fetch manifest encodeurl@^2.0.0
80 silly packumentCache full:https://registry.npmjs.org/encodeurl cache-miss
81 http fetch GET 200 https://registry.npmjs.org/statuses 224ms (cache miss)
82 silly packumentCache full:https://registry.npmjs.org/statuses set size:undefined disposed:false
83 silly fetch manifest mime-types@^3.0.0
84 silly packumentCache full:https://registry.npmjs.org/mime-types cache-miss
85 http fetch GET 200 https://registry.npmjs.org/encodeurl 291ms (cache miss)
86 silly packumentCache full:https://registry.npmjs.org/encodeurl set size:undefined disposed:false
87 silly fetch manifest proxy-addr@^2.0.7
88 silly packumentCache full:https://registry.npmjs.org/proxy-addr cache-miss
89 http fetch GET 200 https://registry.npmjs.org/etag 723ms (cache miss)
90 silly packumentCache full:https://registry.npmjs.org/etag set size:undefined disposed:false
91 silly fetch manifest body-parser@^2.2.1
92 silly packumentCache full:https://registry.npmjs.org/body-parser cache-miss
93 http fetch GET 200 https://registry.npmjs.org/mime-types 279ms (cache miss)
94 silly packumentCache full:https://registry.npmjs.org/mime-types set size:undefined disposed:false
95 silly fetch manifest escape-html@^1.0.3
96 silly packumentCache full:https://registry.npmjs.org/escape-html cache-miss
97 http fetch GET 200 https://registry.npmjs.org/proxy-addr 212ms (cache miss)
98 silly packumentCache full:https://registry.npmjs.org/proxy-addr set size:undefined disposed:false
99 silly fetch manifest http-errors@^2.0.0
100 silly packumentCache full:https://registry.npmjs.org/http-errors cache-miss
101 http fetch GET 200 https://registry.npmjs.org/router 730ms (cache miss)
102 silly packumentCache full:https://registry.npmjs.org/router set size:undefined disposed:false
103 silly fetch manifest on-finished@^2.4.1
104 silly packumentCache full:https://registry.npmjs.org/on-finished cache-miss
105 http fetch GET 200 https://registry.npmjs.org/vary 817ms (cache miss)
106 silly packumentCache full:https://registry.npmjs.org/vary set size:undefined disposed:false
107 silly fetch manifest content-type@^1.0.5
108 silly packumentCache full:https://registry.npmjs.org/content-type cache-miss
109 http fetch GET 200 https://registry.npmjs.org/type-is 983ms (cache miss)
110 silly packumentCache full:https://registry.npmjs.org/type-is set size:undefined disposed:false
111 silly fetch manifest finalhandler@^2.1.0
112 silly packumentCache full:https://registry.npmjs.org/finalhandler cache-miss
113 http fetch GET 200 https://registry.npmjs.org/send 991ms (cache miss)
114 silly packumentCache full:https://registry.npmjs.org/send set size:undefined disposed:false
115 silly fetch manifest range-parser@^1.2.1
116 silly packumentCache full:https://registry.npmjs.org/range-parser cache-miss
117 http fetch GET 200 https://registry.npmjs.org/debug 995ms (cache miss)
118 silly packumentCache full:https://registry.npmjs.org/debug set size:undefined disposed:false
119 silly fetch manifest serve-static@^2.2.0
120 silly packumentCache full:https://registry.npmjs.org/serve-static cache-miss
121 http fetch GET 200 https://registry.npmjs.org/http-errors 416ms (cache miss)
122 silly packumentCache full:https://registry.npmjs.org/http-errors set size:undefined disposed:false
123 silly fetch manifest cookie-signature@^1.2.1
124 silly packumentCache full:https://registry.npmjs.org/cookie-signature cache-miss
125 http fetch GET 200 https://registry.npmjs.org/on-finished 421ms (cache miss)
126 silly packumentCache full:https://registry.npmjs.org/on-finished set size:undefined disposed:false
127 silly fetch manifest merge-descriptors@^2.0.0
128 silly packumentCache full:https://registry.npmjs.org/merge-descriptors cache-miss
129 http fetch GET 200 https://registry.npmjs.org/escape-html 430ms (cache miss)
130 silly packumentCache full:https://registry.npmjs.org/escape-html set size:undefined disposed:false
131 silly fetch manifest content-disposition@^1.0.0
132 silly packumentCache full:https://registry.npmjs.org/content-disposition cache-miss
133 http fetch GET 200 https://registry.npmjs.org/once 1164ms (cache miss)
134 silly packumentCache full:https://registry.npmjs.org/once set size:undefined disposed:false
135 http fetch GET 200 https://registry.npmjs.org/fresh 1168ms (cache miss)
136 silly packumentCache full:https://registry.npmjs.org/fresh set size:undefined disposed:false
137 http fetch GET 200 https://registry.npmjs.org/parseurl 1168ms (cache miss)
138 silly packumentCache full:https://registry.npmjs.org/parseurl set size:undefined disposed:false
139 http fetch GET 200 https://registry.npmjs.org/content-type 354ms (cache miss)
140 silly packumentCache full:https://registry.npmjs.org/content-type set size:undefined disposed:false
141 http fetch GET 200 https://registry.npmjs.org/depd 1178ms (cache miss)
142 silly packumentCache full:https://registry.npmjs.org/depd set size:undefined disposed:false
143 http fetch GET 200 https://registry.npmjs.org/accepts 1176ms (cache miss)
144 silly packumentCache full:https://registry.npmjs.org/accepts set size:undefined disposed:false
145 http fetch GET 200 https://registry.npmjs.org/cookie 1180ms (cache miss)
146 silly packumentCache full:https://registry.npmjs.org/cookie set size:undefined disposed:false
147 http fetch GET 200 https://registry.npmjs.org/body-parser 463ms (cache miss)
148 silly packumentCache full:https://registry.npmjs.org/body-parser set size:undefined disposed:false
149 http fetch GET 200 https://registry.npmjs.org/qs 1197ms (cache miss)
150 silly packumentCache full:https://registry.npmjs.org/qs set size:undefined disposed:false
151 http fetch GET 200 https://registry.npmjs.org/range-parser 452ms (cache miss)
152 silly packumentCache full:https://registry.npmjs.org/range-parser set size:undefined disposed:false
153 http fetch GET 200 https://registry.npmjs.org/cookie-signature 298ms (cache miss)
154 silly packumentCache full:https://registry.npmjs.org/cookie-signature set size:undefined disposed:false
155 http fetch GET 200 https://registry.npmjs.org/content-disposition 288ms (cache miss)
156 silly packumentCache full:https://registry.npmjs.org/content-disposition set size:undefined disposed:false
157 http fetch GET 200 https://registry.npmjs.org/merge-descriptors 293ms (cache miss)
158 silly packumentCache full:https://registry.npmjs.org/merge-descriptors set size:undefined disposed:false
159 http fetch GET 200 https://registry.npmjs.org/finalhandler 465ms (cache miss)
160 silly packumentCache full:https://registry.npmjs.org/finalhandler set size:undefined disposed:false
161 http fetch GET 200 https://registry.npmjs.org/serve-static 460ms (cache miss)
162 silly packumentCache full:https://registry.npmjs.org/serve-static set size:undefined disposed:false
163 silly placeDep ROOT object-assign@4.1.1 OK for: cors@2.8.6 want: ^4
164 silly placeDep ROOT vary@1.1.2 OK for: cors@2.8.6 want: ^1
165 silly placeDep ROOT accepts@2.0.0 OK for: express@5.2.1 want: ^2.0.0
166 silly placeDep ROOT body-parser@2.2.2 OK for: express@5.2.1 want: ^2.2.1
167 silly placeDep ROOT content-disposition@1.0.1 OK for: express@5.2.1 want: ^1.0.0
168 silly placeDep ROOT content-type@1.0.5 OK for: express@5.2.1 want: ^1.0.5
169 silly placeDep ROOT cookie@0.7.2 OK for: express@5.2.1 want: ^0.7.1
170 silly placeDep ROOT cookie-signature@1.2.2 OK for: express@5.2.1 want: ^1.2.1
171 silly placeDep ROOT debug@4.4.3 OK for: express@5.2.1 want: ^4.4.0
172 silly placeDep ROOT depd@2.0.0 OK for: express@5.2.1 want: ^2.0.0
173 silly placeDep ROOT encodeurl@2.0.0 OK for: express@5.2.1 want: ^2.0.0
174 silly placeDep ROOT escape-html@1.0.3 OK for: express@5.2.1 want: ^1.0.3
175 silly placeDep ROOT etag@1.8.1 OK for: express@5.2.1 want: ^1.8.1
176 silly placeDep ROOT finalhandler@2.1.1 OK for: express@5.2.1 want: ^2.1.0
177 silly placeDep ROOT fresh@2.0.0 OK for: express@5.2.1 want: ^2.0.0
178 silly placeDep ROOT http-errors@2.0.1 OK for: express@5.2.1 want: ^2.0.0
179 silly placeDep ROOT merge-descriptors@2.0.0 OK for: express@5.2.1 want: ^2.0.0
180 silly placeDep ROOT mime-types@3.0.2 OK for: express@5.2.1 want: ^3.0.0
181 silly placeDep ROOT on-finished@2.4.1 OK for: express@5.2.1 want: ^2.4.1
182 silly placeDep ROOT once@1.4.0 OK for: express@5.2.1 want: ^1.4.0
183 silly placeDep ROOT parseurl@1.3.3 OK for: express@5.2.1 want: ^1.3.3
184 silly placeDep ROOT proxy-addr@2.0.7 OK for: express@5.2.1 want: ^2.0.7
185 silly placeDep ROOT qs@6.15.0 OK for: express@5.2.1 want: ^6.14.0
186 silly placeDep ROOT range-parser@1.2.1 OK for: express@5.2.1 want: ^1.2.1
187 silly placeDep ROOT router@2.2.0 OK for: express@5.2.1 want: ^2.2.0
188 silly placeDep ROOT send@1.2.1 OK for: express@5.2.1 want: ^1.1.0
189 silly placeDep ROOT serve-static@2.2.1 OK for: express@5.2.1 want: ^2.2.0
190 silly placeDep ROOT statuses@2.0.2 OK for: express@5.2.1 want: ^2.0.1
191 silly placeDep ROOT type-is@2.0.1 OK for: express@5.2.1 want: ^2.0.1
192 silly fetch manifest negotiator@^1.0.0
193 silly packumentCache full:https://registry.npmjs.org/negotiator cache-miss
194 silly fetch manifest bytes@^3.1.2
195 silly packumentCache full:https://registry.npmjs.org/bytes cache-miss
196 silly fetch manifest debug@^4.4.3
197 silly packumentCache full:https://registry.npmjs.org/debug cache-miss
198 silly fetch manifest iconv-lite@^0.7.0
199 silly packumentCache full:https://registry.npmjs.org/iconv-lite cache-miss
200 silly fetch manifest qs@^6.14.1
201 silly packumentCache full:https://registry.npmjs.org/qs cache-miss
202 silly fetch manifest raw-body@^3.0.1
203 silly packumentCache full:https://registry.npmjs.org/raw-body cache-miss
204 silly fetch manifest ms@^2.1.3
205 silly packumentCache full:https://registry.npmjs.org/ms cache-miss
206 silly fetch manifest inherits@~2.0.4
207 silly packumentCache full:https://registry.npmjs.org/inherits cache-miss
208 silly fetch manifest setprototypeof@~1.2.0
209 silly packumentCache full:https://registry.npmjs.org/setprototypeof cache-miss
210 silly fetch manifest statuses@~2.0.2
211 silly packumentCache full:https://registry.npmjs.org/statuses cache-miss
212 silly fetch manifest toidentifier@~1.0.1
213 silly packumentCache full:https://registry.npmjs.org/toidentifier cache-miss
214 silly fetch manifest mime-db@^1.54.0
215 silly packumentCache full:https://registry.npmjs.org/mime-db cache-miss
216 silly fetch manifest ee-first@1.1.1
217 silly packumentCache full:https://registry.npmjs.org/ee-first cache-miss
218 silly fetch manifest wrappy@1
219 silly packumentCache full:https://registry.npmjs.org/wrappy cache-miss
220 silly fetch manifest forwarded@0.2.0
221 silly packumentCache full:https://registry.npmjs.org/forwarded cache-miss
222 http fetch GET 200 https://registry.npmjs.org/statuses 32ms (cache hit)
223 silly packumentCache full:https://registry.npmjs.org/statuses set size:37117 disposed:false
224 silly fetch manifest ipaddr.js@1.9.1
225 silly packumentCache full:https://registry.npmjs.org/ipaddr.js cache-miss
226 http fetch GET 200 https://registry.npmjs.org/debug 39ms (cache hit)
227 silly packumentCache full:https://registry.npmjs.org/debug set size:195840 disposed:false
228 silly fetch manifest side-channel@^1.1.0
229 silly packumentCache full:https://registry.npmjs.org/side-channel cache-miss
230 http fetch GET 200 https://registry.npmjs.org/qs 43ms (cache hit)
231 silly packumentCache full:https://registry.npmjs.org/qs set size:350258 disposed:false
232 silly fetch manifest is-promise@^4.0.0
233 silly packumentCache full:https://registry.npmjs.org/is-promise cache-miss
234 http fetch GET 200 https://registry.npmjs.org/wrappy 250ms (cache miss)
235 silly packumentCache full:https://registry.npmjs.org/wrappy set size:undefined disposed:false
236 silly fetch manifest path-to-regexp@^8.0.0
237 silly packumentCache full:https://registry.npmjs.org/path-to-regexp cache-miss
238 http fetch GET 200 https://registry.npmjs.org/forwarded 259ms (cache miss)
239 silly packumentCache full:https://registry.npmjs.org/forwarded set size:undefined disposed:false
240 silly fetch manifest ms@^2.1.3
241 silly packumentCache full:https://registry.npmjs.org/ms cache-miss
242 http fetch GET 200 https://registry.npmjs.org/toidentifier 265ms (cache miss)
243 silly packumentCache full:https://registry.npmjs.org/toidentifier set size:undefined disposed:false
244 silly fetch manifest statuses@^2.0.2
245 silly packumentCache full:https://registry.npmjs.org/statuses cache-hit
246 silly fetch manifest media-typer@^1.1.0
247 silly packumentCache full:https://registry.npmjs.org/media-typer cache-miss
248 http fetch GET 200 https://registry.npmjs.org/inherits 271ms (cache miss)
249 silly packumentCache full:https://registry.npmjs.org/inherits set size:undefined disposed:false
250 http fetch GET 200 https://registry.npmjs.org/is-promise 233ms (cache miss)
251 silly packumentCache full:https://registry.npmjs.org/is-promise set size:undefined disposed:false
252 http fetch GET 200 https://registry.npmjs.org/side-channel 240ms (cache miss)
253 silly packumentCache full:https://registry.npmjs.org/side-channel set size:undefined disposed:false
254 http fetch GET 200 https://registry.npmjs.org/ee-first 278ms (cache miss)
255 silly packumentCache full:https://registry.npmjs.org/ee-first set size:undefined disposed:false
256 http fetch GET 200 https://registry.npmjs.org/setprototypeof 281ms (cache miss)
257 silly packumentCache full:https://registry.npmjs.org/setprototypeof set size:undefined disposed:false
258 http fetch GET 200 https://registry.npmjs.org/iconv-lite 286ms (cache miss)
259 silly packumentCache full:https://registry.npmjs.org/iconv-lite set size:undefined disposed:false
260 http fetch GET 200 https://registry.npmjs.org/ipaddr.js 339ms (cache miss)
261 silly packumentCache full:https://registry.npmjs.org/ipaddr.js set size:undefined disposed:false
262 http fetch GET 200 https://registry.npmjs.org/negotiator 380ms (cache miss)
263 silly packumentCache full:https://registry.npmjs.org/negotiator set size:undefined disposed:false
264 http fetch GET 200 https://registry.npmjs.org/ms 381ms (cache miss)
265 silly packumentCache full:https://registry.npmjs.org/ms set size:undefined disposed:false
266 http fetch GET 200 https://registry.npmjs.org/bytes 389ms (cache miss)
267 silly packumentCache full:https://registry.npmjs.org/bytes set size:undefined disposed:false
268 http fetch GET 200 https://registry.npmjs.org/raw-body 394ms (cache miss)
269 silly packumentCache full:https://registry.npmjs.org/raw-body set size:undefined disposed:false
270 http fetch GET 200 https://registry.npmjs.org/mime-db 393ms (cache miss)
271 silly packumentCache full:https://registry.npmjs.org/mime-db set size:undefined disposed:false
272 http fetch GET 200 https://registry.npmjs.org/ms 252ms (cache miss)
273 silly packumentCache full:https://registry.npmjs.org/ms set size:undefined disposed:false
274 http fetch GET 200 https://registry.npmjs.org/media-typer 251ms (cache miss)
275 silly packumentCache full:https://registry.npmjs.org/media-typer set size:undefined disposed:false
276 http fetch GET 200 https://registry.npmjs.org/path-to-regexp 269ms (cache miss)
277 silly packumentCache full:https://registry.npmjs.org/path-to-regexp set size:undefined disposed:false
278 silly placeDep ROOT negotiator@1.0.0 OK for: accepts@2.0.0 want: ^1.0.0
279 silly placeDep ROOT bytes@3.1.2 OK for: body-parser@2.2.2 want: ^3.1.2
280 silly placeDep ROOT iconv-lite@0.7.2 OK for: body-parser@2.2.2 want: ^0.7.0
281 silly placeDep ROOT raw-body@3.0.2 OK for: body-parser@2.2.2 want: ^3.0.1
282 silly fetch manifest safer-buffer@>= 2.1.2 < 3.0.0
283 silly packumentCache full:https://registry.npmjs.org/safer-buffer cache-miss
284 silly fetch manifest unpipe@~1.0.0
285 silly packumentCache full:https://registry.npmjs.org/unpipe cache-miss
286 http fetch GET 200 https://registry.npmjs.org/safer-buffer 282ms (cache miss)
287 silly packumentCache full:https://registry.npmjs.org/safer-buffer set size:undefined disposed:false
288 http fetch GET 200 https://registry.npmjs.org/unpipe 283ms (cache miss)
289 silly packumentCache full:https://registry.npmjs.org/unpipe set size:undefined disposed:false
290 silly placeDep ROOT ms@2.1.3 OK for: debug@4.4.3 want: ^2.1.3
291 silly placeDep ROOT inherits@2.0.4 OK for: http-errors@2.0.1 want: ~2.0.4
292 silly placeDep ROOT setprototypeof@1.2.0 OK for: http-errors@2.0.1 want: ~1.2.0
293 silly placeDep ROOT toidentifier@1.0.1 OK for: http-errors@2.0.1 want: ~1.0.1
294 silly placeDep ROOT safer-buffer@2.1.2 OK for: iconv-lite@0.7.2 want: >= 2.1.2 < 3.0.0
295 silly placeDep ROOT mime-db@1.54.0 OK for: mime-types@3.0.2 want: ^1.54.0
296 silly placeDep ROOT ee-first@1.1.1 OK for: on-finished@2.4.1 want: 1.1.1
297 silly placeDep ROOT wrappy@1.0.2 OK for: once@1.4.0 want: 1
298 silly placeDep ROOT forwarded@0.2.0 OK for: proxy-addr@2.0.7 want: 0.2.0
299 silly placeDep ROOT ipaddr.js@1.9.1 OK for: proxy-addr@2.0.7 want: 1.9.1
300 silly placeDep ROOT side-channel@1.1.0 OK for: qs@6.15.0 want: ^1.1.0
301 silly fetch manifest es-errors@^1.3.0
302 silly packumentCache full:https://registry.npmjs.org/es-errors cache-miss
303 silly fetch manifest object-inspect@^1.13.3
304 silly packumentCache full:https://registry.npmjs.org/object-inspect cache-miss
305 silly fetch manifest side-channel-list@^1.0.0
306 silly packumentCache full:https://registry.npmjs.org/side-channel-list cache-miss
307 silly fetch manifest side-channel-map@^1.0.1
308 silly packumentCache full:https://registry.npmjs.org/side-channel-map cache-miss
309 silly fetch manifest side-channel-weakmap@^1.0.2
310 silly packumentCache full:https://registry.npmjs.org/side-channel-weakmap cache-miss
311 http fetch GET 200 https://registry.npmjs.org/side-channel-list 273ms (cache miss)
312 silly packumentCache full:https://registry.npmjs.org/side-channel-list set size:undefined disposed:false
313 http fetch GET 200 https://registry.npmjs.org/es-errors 277ms (cache miss)
314 silly packumentCache full:https://registry.npmjs.org/es-errors set size:undefined disposed:false
315 http fetch GET 200 https://registry.npmjs.org/side-channel-map 276ms (cache miss)
316 silly packumentCache full:https://registry.npmjs.org/side-channel-map set size:undefined disposed:false
317 http fetch GET 200 https://registry.npmjs.org/side-channel-weakmap 277ms (cache miss)
318 silly packumentCache full:https://registry.npmjs.org/side-channel-weakmap set size:undefined disposed:false
319 http fetch GET 200 https://registry.npmjs.org/object-inspect 283ms (cache miss)
320 silly packumentCache full:https://registry.npmjs.org/object-inspect set size:undefined disposed:false
321 silly placeDep ROOT unpipe@1.0.0 OK for: raw-body@3.0.2 want: ~1.0.0
322 silly placeDep ROOT is-promise@4.0.0 OK for: router@2.2.0 want: ^4.0.0
323 silly placeDep ROOT path-to-regexp@8.3.0 OK for: router@2.2.0 want: ^8.0.0
324 silly placeDep ROOT es-errors@1.3.0 OK for: side-channel@1.1.0 want: ^1.3.0
325 silly placeDep ROOT object-inspect@1.13.4 OK for: side-channel@1.1.0 want: ^1.13.3
326 silly placeDep ROOT side-channel-list@1.0.0 OK for: side-channel@1.1.0 want: ^1.0.0
327 silly placeDep ROOT side-channel-map@1.0.1 OK for: side-channel@1.1.0 want: ^1.0.1
328 silly placeDep ROOT side-channel-weakmap@1.0.2 OK for: side-channel@1.1.0 want: ^1.0.2
329 silly fetch manifest call-bound@^1.0.2
330 silly packumentCache full:https://registry.npmjs.org/call-bound cache-miss
331 silly fetch manifest get-intrinsic@^1.2.5
332 silly packumentCache full:https://registry.npmjs.org/get-intrinsic cache-miss
333 silly fetch manifest call-bound@^1.0.2
334 silly packumentCache full:https://registry.npmjs.org/call-bound cache-miss
335 silly fetch manifest get-intrinsic@^1.2.5
336 silly packumentCache full:https://registry.npmjs.org/get-intrinsic cache-miss
337 http fetch GET 200 https://registry.npmjs.org/call-bound 258ms (cache miss)
338 silly packumentCache full:https://registry.npmjs.org/call-bound set size:undefined disposed:false
339 http fetch GET 200 https://registry.npmjs.org/call-bound 260ms (cache miss)
340 silly packumentCache full:https://registry.npmjs.org/call-bound set size:undefined disposed:false
341 http fetch GET 200 https://registry.npmjs.org/get-intrinsic 263ms (cache miss)
342 silly packumentCache full:https://registry.npmjs.org/get-intrinsic set size:undefined disposed:false
343 http fetch GET 200 https://registry.npmjs.org/get-intrinsic 263ms (cache miss)
344 silly packumentCache full:https://registry.npmjs.org/get-intrinsic set size:undefined disposed:false
345 silly placeDep ROOT call-bound@1.0.4 OK for: side-channel-map@1.0.1 want: ^1.0.2
346 silly placeDep ROOT get-intrinsic@1.3.0 OK for: side-channel-map@1.0.1 want: ^1.2.5
347 silly fetch manifest call-bind-apply-helpers@^1.0.2
348 silly packumentCache full:https://registry.npmjs.org/call-bind-apply-helpers cache-miss
349 silly fetch manifest get-intrinsic@^1.3.0
350 silly packumentCache full:https://registry.npmjs.org/get-intrinsic cache-miss
351 silly fetch manifest gopd@^1.2.0
352 silly packumentCache full:https://registry.npmjs.org/gopd cache-miss
353 silly fetch manifest hasown@^2.0.2
354 silly packumentCache full:https://registry.npmjs.org/hasown cache-miss
355 silly fetch manifest get-proto@^1.0.1
356 silly packumentCache full:https://registry.npmjs.org/get-proto cache-miss
357 silly fetch manifest has-symbols@^1.1.0
358 silly packumentCache full:https://registry.npmjs.org/has-symbols cache-miss
359 silly fetch manifest function-bind@^1.1.2
360 silly packumentCache full:https://registry.npmjs.org/function-bind cache-miss
361 silly fetch manifest es-object-atoms@^1.1.1
362 silly packumentCache full:https://registry.npmjs.org/es-object-atoms cache-miss
363 silly fetch manifest math-intrinsics@^1.1.0
364 silly packumentCache full:https://registry.npmjs.org/math-intrinsics cache-miss
365 silly fetch manifest es-define-property@^1.0.1
366 silly packumentCache full:https://registry.npmjs.org/es-define-property cache-miss
367 silly fetch manifest call-bind-apply-helpers@^1.0.2
368 silly packumentCache full:https://registry.npmjs.org/call-bind-apply-helpers cache-miss
369 http fetch GET 200 https://registry.npmjs.org/get-intrinsic 21ms (cache hit)
370 silly packumentCache full:https://registry.npmjs.org/get-intrinsic set size:60985 disposed:false
371 http fetch GET 200 https://registry.npmjs.org/es-object-atoms 322ms (cache miss)
372 silly packumentCache full:https://registry.npmjs.org/es-object-atoms set size:undefined disposed:false
373 http fetch GET 200 https://registry.npmjs.org/gopd 330ms (cache miss)
374 silly packumentCache full:https://registry.npmjs.org/gopd set size:undefined disposed:false
375 http fetch GET 200 https://registry.npmjs.org/get-proto 331ms (cache miss)
376 silly packumentCache full:https://registry.npmjs.org/get-proto set size:undefined disposed:false
377 http fetch GET 200 https://registry.npmjs.org/function-bind 332ms (cache miss)
378 silly packumentCache full:https://registry.npmjs.org/function-bind set size:undefined disposed:false
379 http fetch GET 200 https://registry.npmjs.org/math-intrinsics 333ms (cache miss)
380 silly packumentCache full:https://registry.npmjs.org/math-intrinsics set size:undefined disposed:false
381 http fetch GET 200 https://registry.npmjs.org/hasown 336ms (cache miss)
382 silly packumentCache full:https://registry.npmjs.org/hasown set size:undefined disposed:false
383 http fetch GET 200 https://registry.npmjs.org/es-define-property 336ms (cache miss)
384 silly packumentCache full:https://registry.npmjs.org/es-define-property set size:undefined disposed:false
385 http fetch GET 200 https://registry.npmjs.org/has-symbols 339ms (cache miss)
386 silly packumentCache full:https://registry.npmjs.org/has-symbols set size:undefined disposed:false
387 http fetch GET 200 https://registry.npmjs.org/call-bind-apply-helpers 338ms (cache miss)
388 silly packumentCache full:https://registry.npmjs.org/call-bind-apply-helpers set size:undefined disposed:false
389 http fetch GET 200 https://registry.npmjs.org/call-bind-apply-helpers 344ms (cache miss)
390 silly packumentCache full:https://registry.npmjs.org/call-bind-apply-helpers set size:undefined disposed:false
391 silly placeDep ROOT call-bind-apply-helpers@1.0.2 OK for: call-bound@1.0.4 want: ^1.0.2
392 silly placeDep ROOT function-bind@1.1.2 OK for: call-bind-apply-helpers@1.0.2 want: ^1.1.2
393 silly placeDep ROOT es-define-property@1.0.1 OK for: get-intrinsic@1.3.0 want: ^1.0.1
394 silly placeDep ROOT es-object-atoms@1.1.1 OK for: get-intrinsic@1.3.0 want: ^1.1.1
395 silly placeDep ROOT get-proto@1.0.1 OK for: get-intrinsic@1.3.0 want: ^1.0.1
396 silly placeDep ROOT gopd@1.2.0 OK for: get-intrinsic@1.3.0 want: ^1.2.0
397 silly placeDep ROOT has-symbols@1.1.0 OK for: get-intrinsic@1.3.0 want: ^1.1.0
398 silly placeDep ROOT hasown@2.0.2 OK for: get-intrinsic@1.3.0 want: ^2.0.2
399 silly placeDep ROOT math-intrinsics@1.1.0 OK for: get-intrinsic@1.3.0 want: ^1.1.0
400 silly fetch manifest dunder-proto@^1.0.1
401 silly packumentCache full:https://registry.npmjs.org/dunder-proto cache-miss
402 http fetch GET 200 https://registry.npmjs.org/dunder-proto 223ms (cache miss)
403 silly packumentCache full:https://registry.npmjs.org/dunder-proto set size:undefined disposed:false
404 silly placeDep ROOT dunder-proto@1.0.1 OK for: get-proto@1.0.1 want: ^1.0.1
405 silly placeDep ROOT media-typer@1.1.0 OK for: type-is@2.0.1 want: ^1.1.0
406 silly reify moves {}
407 silly audit bulk request {
407 silly audit   cors: [ '2.8.6' ],
407 silly audit   dotenv: [ '17.3.1' ],
407 silly audit   express: [ '5.2.1' ],
407 silly audit   ws: [ '8.19.0' ],
407 silly audit   'object-assign': [ '4.1.1' ],
407 silly audit   vary: [ '1.1.2' ],
407 silly audit   accepts: [ '2.0.0' ],
407 silly audit   'body-parser': [ '2.2.2' ],
407 silly audit   'content-disposition': [ '1.0.1' ],
407 silly audit   'content-type': [ '1.0.5' ],
407 silly audit   cookie: [ '0.7.2' ],
407 silly audit   'cookie-signature': [ '1.2.2' ],
407 silly audit   debug: [ '4.4.3' ],
407 silly audit   depd: [ '2.0.0' ],
407 silly audit   encodeurl: [ '2.0.0' ],
407 silly audit   'escape-html': [ '1.0.3' ],
407 silly audit   etag: [ '1.8.1' ],
407 silly audit   finalhandler: [ '2.1.1' ],
407 silly audit   fresh: [ '2.0.0' ],
407 silly audit   'http-errors': [ '2.0.1' ],
407 silly audit   'merge-descriptors': [ '2.0.0' ],
407 silly audit   'mime-types': [ '3.0.2' ],
407 silly audit   'on-finished': [ '2.4.1' ],
407 silly audit   once: [ '1.4.0' ],
407 silly audit   parseurl: [ '1.3.3' ],
407 silly audit   'proxy-addr': [ '2.0.7' ],
407 silly audit   qs: [ '6.15.0' ],
407 silly audit   'range-parser': [ '1.2.1' ],
407 silly audit   router: [ '2.2.0' ],
407 silly audit   send: [ '1.2.1' ],
407 silly audit   'serve-static': [ '2.2.1' ],
407 silly audit   statuses: [ '2.0.2' ],
407 silly audit   'type-is': [ '2.0.1' ],
407 silly audit   negotiator: [ '1.0.0' ],
407 silly audit   bytes: [ '3.1.2' ],
407 silly audit   'iconv-lite': [ '0.7.2' ],
407 silly audit   'raw-body': [ '3.0.2' ],
407 silly audit   ms: [ '2.1.3' ],
407 silly audit   inherits: [ '2.0.4' ],
407 silly audit   setprototypeof: [ '1.2.0' ],
407 silly audit   toidentifier: [ '1.0.1' ],
407 silly audit   'safer-buffer': [ '2.1.2' ],
407 silly audit   'mime-db': [ '1.54.0' ],
407 silly audit   'ee-first': [ '1.1.1' ],
407 silly audit   wrappy: [ '1.0.2' ],
407 silly audit   forwarded: [ '0.2.0' ],
407 silly audit   'ipaddr.js': [ '1.9.1' ],
407 silly audit   'side-channel': [ '1.1.0' ],
407 silly audit   unpipe: [ '1.0.0' ],
407 silly audit   'is-promise': [ '4.0.0' ],
407 silly audit   'path-to-regexp': [ '8.3.0' ],
407 silly audit   'es-errors': [ '1.3.0' ],
407 silly audit   'object-inspect': [ '1.13.4' ],
407 silly audit   'side-channel-list': [ '1.0.0' ],
407 silly audit   'side-channel-map': [ '1.0.1' ],
407 silly audit   'side-channel-weakmap': [ '1.0.2' ],
407 silly audit   'call-bound': [ '1.0.4' ],
407 silly audit   'get-intrinsic': [ '1.3.0' ],
407 silly audit   'call-bind-apply-helpers': [ '1.0.2' ],
407 silly audit   'function-bind': [ '1.1.2' ],
407 silly audit   'es-define-property': [ '1.0.1' ],
407 silly audit   'es-object-atoms': [ '1.1.1' ],
407 silly audit   'get-proto': [ '1.0.1' ],
407 silly audit   gopd: [ '1.2.0' ],
407 silly audit   'has-symbols': [ '1.1.0' ],
407 silly audit   hasown: [ '2.0.2' ],
407 silly audit   'math-intrinsics': [ '1.1.0' ],
407 silly audit   'dunder-proto': [ '1.0.1' ],
407 silly audit   'media-typer': [ '1.1.0' ]
407 silly audit }
408 silly tarball no local data for media-typer@https://registry.npmjs.org/media-typer/-/media-typer-1.1.0.tgz. Extracting by manifest.
409 silly tarball no local data for dunder-proto@https://registry.npmjs.org/dunder-proto/-/dunder-proto-1.0.1.tgz. Extracting by manifest.
410 silly tarball no local data for hasown@https://registry.npmjs.org/hasown/-/hasown-2.0.2.tgz. Extracting by manifest.
411 silly tarball no local data for math-intrinsics@https://registry.npmjs.org/math-intrinsics/-/math-intrinsics-1.1.0.tgz. Extracting by manifest.
412 silly tarball no local data for es-object-atoms@https://registry.npmjs.org/es-object-atoms/-/es-object-atoms-1.1.1.tgz. Extracting by manifest.
413 silly tarball no local data for get-proto@https://registry.npmjs.org/get-proto/-/get-proto-1.0.1.tgz. Extracting by manifest.
414 silly tarball no local data for gopd@https://registry.npmjs.org/gopd/-/gopd-1.2.0.tgz. Extracting by manifest.
415 silly tarball no local data for function-bind@https://registry.npmjs.org/function-bind/-/function-bind-1.1.2.tgz. Extracting by manifest.
416 silly tarball no local data for es-define-property@https://registry.npmjs.org/es-define-property/-/es-define-property-1.0.1.tgz. Extracting by manifest.
417 silly tarball no local data for has-symbols@https://registry.npmjs.org/has-symbols/-/has-symbols-1.1.0.tgz. Extracting by manifest.
418 silly tarball no local data for get-intrinsic@https://registry.npmjs.org/get-intrinsic/-/get-intrinsic-1.3.0.tgz. Extracting by manifest.
419 silly tarball no local data for call-bind-apply-helpers@https://registry.npmjs.org/call-bind-apply-helpers/-/call-bind-apply-helpers-1.0.2.tgz. Extracting by manifest.
420 silly tarball no local data for call-bound@https://registry.npmjs.org/call-bound/-/call-bound-1.0.4.tgz. Extracting by manifest.
421 silly tarball no local data for side-channel-weakmap@https://registry.npmjs.org/side-channel-weakmap/-/side-channel-weakmap-1.0.2.tgz. Extracting by manifest.
422 silly tarball no local data for side-channel-map@https://registry.npmjs.org/side-channel-map/-/side-channel-map-1.0.1.tgz. Extracting by manifest.
423 silly tarball no local data for es-errors@https://registry.npmjs.org/es-errors/-/es-errors-1.3.0.tgz. Extracting by manifest.
424 silly tarball no local data for side-channel-list@https://registry.npmjs.org/side-channel-list/-/side-channel-list-1.0.0.tgz. Extracting by manifest.
425 silly tarball no local data for object-inspect@https://registry.npmjs.org/object-inspect/-/object-inspect-1.13.4.tgz. Extracting by manifest.
426 silly tarball no local data for is-promise@https://registry.npmjs.org/is-promise/-/is-promise-4.0.0.tgz. Extracting by manifest.
427 silly tarball no local data for path-to-regexp@https://registry.npmjs.org/path-to-regexp/-/path-to-regexp-8.3.0.tgz. Extracting by manifest.
428 silly tarball no local data for ipaddr.js@https://registry.npmjs.org/ipaddr.js/-/ipaddr.js-1.9.1.tgz. Extracting by manifest.
429 silly tarball no local data for forwarded@https://registry.npmjs.org/forwarded/-/forwarded-0.2.0.tgz. Extracting by manifest.
430 silly tarball no local data for side-channel@https://registry.npmjs.org/side-channel/-/side-channel-1.1.0.tgz. Extracting by manifest.
431 silly tarball no local data for wrappy@https://registry.npmjs.org/wrappy/-/wrappy-1.0.2.tgz. Extracting by manifest.
432 silly tarball no local data for mime-db@https://registry.npmjs.org/mime-db/-/mime-db-1.54.0.tgz. Extracting by manifest.
433 silly tarball no local data for ee-first@https://registry.npmjs.org/ee-first/-/ee-first-1.1.1.tgz. Extracting by manifest.
434 silly tarball no local data for toidentifier@https://registry.npmjs.org/toidentifier/-/toidentifier-1.0.1.tgz. Extracting by manifest.
435 silly tarball no local data for safer-buffer@https://registry.npmjs.org/safer-buffer/-/safer-buffer-2.1.2.tgz. Extracting by manifest.
436 silly tarball no local data for unpipe@https://registry.npmjs.org/unpipe/-/unpipe-1.0.0.tgz. Extracting by manifest.
437 silly tarball no local data for setprototypeof@https://registry.npmjs.org/setprototypeof/-/setprototypeof-1.2.0.tgz. Extracting by manifest.
438 silly tarball no local data for ms@https://registry.npmjs.org/ms/-/ms-2.1.3.tgz. Extracting by manifest.
439 silly tarball no local data for inherits@https://registry.npmjs.org/inherits/-/inherits-2.0.4.tgz. Extracting by manifest.
440 silly tarball no local data for raw-body@https://registry.npmjs.org/raw-body/-/raw-body-3.0.2.tgz. Extracting by manifest.
441 silly tarball no local data for iconv-lite@https://registry.npmjs.org/iconv-lite/-/iconv-lite-0.7.2.tgz. Extracting by manifest.
442 silly tarball no local data for bytes@https://registry.npmjs.org/bytes/-/bytes-3.1.2.tgz. Extracting by manifest.
443 silly tarball no local data for negotiator@https://registry.npmjs.org/negotiator/-/negotiator-1.0.0.tgz. Extracting by manifest.
444 silly tarball no local data for serve-static@https://registry.npmjs.org/serve-static/-/serve-static-2.2.1.tgz. Extracting by manifest.
445 silly tarball no local data for statuses@https://registry.npmjs.org/statuses/-/statuses-2.0.2.tgz. Extracting by manifest.
446 silly tarball no local data for type-is@https://registry.npmjs.org/type-is/-/type-is-2.0.1.tgz. Extracting by manifest.
447 silly tarball no local data for send@https://registry.npmjs.org/send/-/send-1.2.1.tgz. Extracting by manifest.
448 silly tarball no local data for router@https://registry.npmjs.org/router/-/router-2.2.0.tgz. Extracting by manifest.
449 silly tarball no local data for range-parser@https://registry.npmjs.org/range-parser/-/range-parser-1.2.1.tgz. Extracting by manifest.
450 silly tarball no local data for proxy-addr@https://registry.npmjs.org/proxy-addr/-/proxy-addr-2.0.7.tgz. Extracting by manifest.
451 silly tarball no local data for on-finished@https://registry.npmjs.org/on-finished/-/on-finished-2.4.1.tgz. Extracting by manifest.
452 silly tarball no local data for qs@https://registry.npmjs.org/qs/-/qs-6.15.0.tgz. Extracting by manifest.
453 silly tarball no local data for once@https://registry.npmjs.org/once/-/once-1.4.0.tgz. Extracting by manifest.
454 silly tarball no local data for mime-types@https://registry.npmjs.org/mime-types/-/mime-types-3.0.2.tgz. Extracting by manifest.
455 silly tarball no local data for parseurl@https://registry.npmjs.org/parseurl/-/parseurl-1.3.3.tgz. Extracting by manifest.
456 silly tarball no local data for finalhandler@https://registry.npmjs.org/finalhandler/-/finalhandler-2.1.1.tgz. Extracting by manifest.
457 silly tarball no local data for fresh@https://registry.npmjs.org/fresh/-/fresh-2.0.0.tgz. Extracting by manifest.
458 silly tarball no local data for etag@https://registry.npmjs.org/etag/-/etag-1.8.1.tgz. Extracting by manifest.
459 silly tarball no local data for escape-html@https://registry.npmjs.org/escape-html/-/escape-html-1.0.3.tgz. Extracting by manifest.
460 silly tarball no local data for encodeurl@https://registry.npmjs.org/encodeurl/-/encodeurl-2.0.0.tgz. Extracting by manifest.
461 silly tarball no local data for depd@https://registry.npmjs.org/depd/-/depd-2.0.0.tgz. Extracting by manifest.
462 silly tarball no local data for debug@https://registry.npmjs.org/debug/-/debug-4.4.3.tgz. Extracting by manifest.
463 silly tarball no local data for http-errors@https://registry.npmjs.org/http-errors/-/http-errors-2.0.1.tgz. Extracting by manifest.
464 silly tarball no local data for cookie@https://registry.npmjs.org/cookie/-/cookie-0.7.2.tgz. Extracting by manifest.
465 silly tarball no local data for merge-descriptors@https://registry.npmjs.org/merge-descriptors/-/merge-descriptors-2.0.0.tgz. Extracting by manifest.
466 silly tarball no local data for content-disposition@https://registry.npmjs.org/content-disposition/-/content-disposition-1.0.1.tgz. Extracting by manifest.
467 silly tarball no local data for cookie-signature@https://registry.npmjs.org/cookie-signature/-/cookie-signature-1.2.2.tgz. Extracting by manifest.
468 silly tarball no local data for vary@https://registry.npmjs.org/vary/-/vary-1.1.2.tgz. Extracting by manifest.
469 silly tarball no local data for content-type@https://registry.npmjs.org/content-type/-/content-type-1.0.5.tgz. Extracting by manifest.
470 silly tarball no local data for accepts@https://registry.npmjs.org/accepts/-/accepts-2.0.0.tgz. Extracting by manifest.
471 silly tarball no local data for body-parser@https://registry.npmjs.org/body-parser/-/body-parser-2.2.2.tgz. Extracting by manifest.
472 silly tarball no local data for object-assign@https://registry.npmjs.org/object-assign/-/object-assign-4.1.1.tgz. Extracting by manifest.
473 silly tarball no local data for express@https://registry.npmjs.org/express/-/express-5.2.1.tgz. Extracting by manifest.
474 silly tarball no local data for ws@https://registry.npmjs.org/ws/-/ws-8.19.0.tgz. Extracting by manifest.
475 silly tarball no local data for dotenv@https://registry.npmjs.org/dotenv/-/dotenv-17.3.1.tgz. Extracting by manifest.
476 silly tarball no local data for cors@https://registry.npmjs.org/cors/-/cors-2.8.6.tgz. Extracting by manifest.
477 http fetch GET 200 https://registry.npmjs.org/es-define-property/-/es-define-property-1.0.1.tgz 266ms (cache miss)
478 http fetch GET 200 https://registry.npmjs.org/hasown/-/hasown-2.0.2.tgz 277ms (cache miss)
479 http fetch GET 200 https://registry.npmjs.org/get-proto/-/get-proto-1.0.1.tgz 282ms (cache miss)
480 http fetch GET 200 https://registry.npmjs.org/math-intrinsics/-/math-intrinsics-1.1.0.tgz 293ms (cache miss)
481 http fetch GET 200 https://registry.npmjs.org/es-errors/-/es-errors-1.3.0.tgz 425ms (cache miss)
482 http fetch GET 200 https://registry.npmjs.org/call-bound/-/call-bound-1.0.4.tgz 429ms (cache miss)
483 http fetch GET 200 https://registry.npmjs.org/media-typer/-/media-typer-1.1.0.tgz 440ms (cache miss)
484 http fetch GET 200 https://registry.npmjs.org/gopd/-/gopd-1.2.0.tgz 440ms (cache miss)
485 http fetch GET 200 https://registry.npmjs.org/get-intrinsic/-/get-intrinsic-1.3.0.tgz 448ms (cache miss)
486 http fetch GET 200 https://registry.npmjs.org/side-channel-weakmap/-/side-channel-weakmap-1.0.2.tgz 452ms (cache miss)
487 http fetch GET 200 https://registry.npmjs.org/side-channel-map/-/side-channel-map-1.0.1.tgz 452ms (cache miss)
488 http fetch GET 200 https://registry.npmjs.org/function-bind/-/function-bind-1.1.2.tgz 459ms (cache miss)
489 http fetch GET 200 https://registry.npmjs.org/es-object-atoms/-/es-object-atoms-1.1.1.tgz 461ms (cache miss)
490 http fetch GET 200 https://registry.npmjs.org/dunder-proto/-/dunder-proto-1.0.1.tgz 464ms (cache miss)
491 http fetch GET 200 https://registry.npmjs.org/has-symbols/-/has-symbols-1.1.0.tgz 461ms (cache miss)
492 http fetch GET 200 https://registry.npmjs.org/call-bind-apply-helpers/-/call-bind-apply-helpers-1.0.2.tgz 464ms (cache miss)
493 http fetch GET 200 https://registry.npmjs.org/is-promise/-/is-promise-4.0.0.tgz 540ms (cache miss)
494 http fetch GET 200 https://registry.npmjs.org/forwarded/-/forwarded-0.2.0.tgz 538ms (cache miss)
495 http fetch GET 200 https://registry.npmjs.org/wrappy/-/wrappy-1.0.2.tgz 538ms (cache miss)
496 http fetch GET 200 https://registry.npmjs.org/ipaddr.js/-/ipaddr.js-1.9.1.tgz 544ms (cache miss)
497 http fetch GET 200 https://registry.npmjs.org/path-to-regexp/-/path-to-regexp-8.3.0.tgz 551ms (cache miss)
498 http fetch GET 200 https://registry.npmjs.org/side-channel-list/-/side-channel-list-1.0.0.tgz 561ms (cache miss)
499 http fetch GET 200 https://registry.npmjs.org/object-inspect/-/object-inspect-1.13.4.tgz 579ms (cache miss)
500 http fetch POST 200 https://registry.npmjs.org/-/npm/v1/security/advisories/bulk 895ms
501 silly audit report {}
502 http fetch GET 200 https://registry.npmjs.org/setprototypeof/-/setprototypeof-1.2.0.tgz 873ms (cache miss)
503 http fetch GET 200 https://registry.npmjs.org/ee-first/-/ee-first-1.1.1.tgz 878ms (cache miss)
504 http fetch GET 200 https://registry.npmjs.org/toidentifier/-/toidentifier-1.0.1.tgz 879ms (cache miss)
505 http fetch GET 200 https://registry.npmjs.org/ms/-/ms-2.1.3.tgz 875ms (cache miss)
506 http fetch GET 200 https://registry.npmjs.org/unpipe/-/unpipe-1.0.0.tgz 879ms (cache miss)
507 http fetch GET 200 https://registry.npmjs.org/serve-static/-/serve-static-2.2.1.tgz 873ms (cache miss)
508 http fetch GET 200 https://registry.npmjs.org/inherits/-/inherits-2.0.4.tgz 877ms (cache miss)
509 http fetch GET 200 https://registry.npmjs.org/raw-body/-/raw-body-3.0.2.tgz 878ms (cache miss)
510 http fetch GET 200 https://registry.npmjs.org/bytes/-/bytes-3.1.2.tgz 877ms (cache miss)
511 http fetch GET 200 https://registry.npmjs.org/safer-buffer/-/safer-buffer-2.1.2.tgz 888ms (cache miss)
512 http fetch GET 200 https://registry.npmjs.org/negotiator/-/negotiator-1.0.0.tgz 883ms (cache miss)
513 http fetch GET 200 https://registry.npmjs.org/mime-db/-/mime-db-1.54.0.tgz 897ms (cache miss)
514 http fetch GET 200 https://registry.npmjs.org/send/-/send-1.2.1.tgz 984ms (cache miss)
515 http fetch GET 200 https://registry.npmjs.org/type-is/-/type-is-2.0.1.tgz 986ms (cache miss)
516 http fetch GET 200 https://registry.npmjs.org/statuses/-/statuses-2.0.2.tgz 986ms (cache miss)
517 http fetch GET 200 https://registry.npmjs.org/range-parser/-/range-parser-1.2.1.tgz 984ms (cache miss)
518 http fetch GET 200 https://registry.npmjs.org/router/-/router-2.2.0.tgz 993ms (cache miss)
519 http fetch GET 200 https://registry.npmjs.org/side-channel/-/side-channel-1.1.0.tgz 1017ms (cache miss)
520 http fetch GET 200 https://registry.npmjs.org/escape-html/-/escape-html-1.0.3.tgz 1089ms (cache miss)
521 http fetch GET 200 https://registry.npmjs.org/once/-/once-1.4.0.tgz 1105ms (cache miss)
522 http fetch GET 200 https://registry.npmjs.org/merge-descriptors/-/merge-descriptors-2.0.0.tgz 1330ms (cache miss)
523 http fetch GET 200 https://registry.npmjs.org/encodeurl/-/encodeurl-2.0.0.tgz 1334ms (cache miss)
524 http fetch GET 200 https://registry.npmjs.org/mime-types/-/mime-types-3.0.2.tgz 1342ms (cache miss)
525 http fetch GET 200 https://registry.npmjs.org/depd/-/depd-2.0.0.tgz 1337ms (cache miss)
526 http fetch GET 200 https://registry.npmjs.org/etag/-/etag-1.8.1.tgz 1338ms (cache miss)
527 http fetch GET 200 https://registry.npmjs.org/on-finished/-/on-finished-2.4.1.tgz 1345ms (cache miss)
528 http fetch GET 200 https://registry.npmjs.org/finalhandler/-/finalhandler-2.1.1.tgz 1341ms (cache miss)
529 http fetch GET 200 https://registry.npmjs.org/proxy-addr/-/proxy-addr-2.0.7.tgz 1347ms (cache miss)
530 http fetch GET 200 https://registry.npmjs.org/parseurl/-/parseurl-1.3.3.tgz 1342ms (cache miss)
531 http fetch GET 200 https://registry.npmjs.org/fresh/-/fresh-2.0.0.tgz 1341ms (cache miss)
532 http fetch GET 200 https://registry.npmjs.org/cookie/-/cookie-0.7.2.tgz 1384ms (cache miss)
533 http fetch GET 200 https://registry.npmjs.org/http-errors/-/http-errors-2.0.1.tgz 1388ms (cache miss)
534 http fetch GET 200 https://registry.npmjs.org/cookie-signature/-/cookie-signature-1.2.2.tgz 1394ms (cache miss)
535 http fetch GET 200 https://registry.npmjs.org/debug/-/debug-4.4.3.tgz 1398ms (cache miss)
536 http fetch GET 200 https://registry.npmjs.org/vary/-/vary-1.1.2.tgz 1397ms (cache miss)
537 http fetch GET 200 https://registry.npmjs.org/content-type/-/content-type-1.0.5.tgz 1398ms (cache miss)
538 http fetch GET 200 https://registry.npmjs.org/accepts/-/accepts-2.0.0.tgz 1396ms (cache miss)
539 http fetch GET 200 https://registry.npmjs.org/content-disposition/-/content-disposition-1.0.1.tgz 1402ms (cache miss)
540 http fetch GET 200 https://registry.npmjs.org/object-assign/-/object-assign-4.1.1.tgz 1581ms (cache miss)
541 http fetch GET 200 https://registry.npmjs.org/cors/-/cors-2.8.6.tgz 1578ms (cache miss)
542 http fetch GET 200 https://registry.npmjs.org/iconv-lite/-/iconv-lite-0.7.2.tgz 1615ms (cache miss)
543 http fetch GET 200 https://registry.npmjs.org/qs/-/qs-6.15.0.tgz 1616ms (cache miss)
544 http fetch GET 200 https://registry.npmjs.org/body-parser/-/body-parser-2.2.2.tgz 1609ms (cache miss)
545 http fetch GET 200 https://registry.npmjs.org/express/-/express-5.2.1.tgz 1609ms (cache miss)
546 http fetch GET 200 https://registry.npmjs.org/dotenv/-/dotenv-17.3.1.tgz 1612ms (cache miss)
547 http fetch GET 200 https://registry.npmjs.org/ws/-/ws-8.19.0.tgz 1623ms (cache miss)
548 silly ADD node_modules/media-typer
549 silly ADD node_modules/dunder-proto
550 silly ADD node_modules/math-intrinsics
551 silly ADD node_modules/hasown
552 silly ADD node_modules/has-symbols
553 silly ADD node_modules/gopd
554 silly ADD node_modules/get-proto
555 silly ADD node_modules/es-object-atoms
556 silly ADD node_modules/es-define-property
557 silly ADD node_modules/function-bind
558 silly ADD node_modules/call-bind-apply-helpers
559 silly ADD node_modules/get-intrinsic
560 silly ADD node_modules/call-bound
561 silly ADD node_modules/side-channel-weakmap
562 silly ADD node_modules/side-channel-map
563 silly ADD node_modules/side-channel-list
564 silly ADD node_modules/object-inspect
565 silly ADD node_modules/es-errors
566 silly ADD node_modules/path-to-regexp
567 silly ADD node_modules/is-promise
568 silly ADD node_modules/unpipe
569 silly ADD node_modules/side-channel
570 silly ADD node_modules/ipaddr.js
571 silly ADD node_modules/forwarded
572 silly ADD node_modules/wrappy
573 silly ADD node_modules/ee-first
574 silly ADD node_modules/mime-db
575 silly ADD node_modules/safer-buffer
576 silly ADD node_modules/toidentifier
577 silly ADD node_modules/setprototypeof
578 silly ADD node_modules/inherits
579 silly ADD node_modules/ms
580 silly ADD node_modules/raw-body
581 silly ADD node_modules/iconv-lite
582 silly ADD node_modules/bytes
583 silly ADD node_modules/negotiator
584 silly ADD node_modules/type-is
585 silly ADD node_modules/statuses
586 silly ADD node_modules/serve-static
587 silly ADD node_modules/send
588 silly ADD node_modules/router
589 silly ADD node_modules/range-parser
590 silly ADD node_modules/qs
591 silly ADD node_modules/proxy-addr
592 silly ADD node_modules/parseurl
593 silly ADD node_modules/once
594 silly ADD node_modules/on-finished
595 silly ADD node_modules/mime-types
596 silly ADD node_modules/merge-descriptors
597 silly ADD node_modules/http-errors
598 silly ADD node_modules/fresh
599 silly ADD node_modules/finalhandler
600 silly ADD node_modules/etag
601 silly ADD node_modules/escape-html
602 silly ADD node_modules/encodeurl
603 silly ADD node_modules/depd
604 silly ADD node_modules/debug
605 silly ADD node_modules/cookie-signature
606 silly ADD node_modules/cookie
607 silly ADD node_modules/content-type
608 silly ADD node_modules/content-disposition
609 silly ADD node_modules/body-parser
610 silly ADD node_modules/accepts
611 silly ADD node_modules/vary
612 silly ADD node_modules/object-assign
613 silly ADD node_modules/ws
614 silly ADD node_modules/express
615 silly ADD node_modules/dotenv
616 silly ADD node_modules/cors
617 verbose cwd D:\桌面\ro-Aichat\chat-back
618 verbose os Windows_NT 10.0.26200
619 verbose node v20.19.2
620 verbose npm  v10.8.2
621 notice
621 notice New [31mmajor[39m version of npm available! [31m10.8.2[39m -> [34m11.11.0[39m
621 notice Changelog: [34mhttps://github.com/npm/cli/releases/tag/v11.11.0[39m
621 notice To update run: [4mnpm install -g npm@11.11.0[24m
621 notice  { force: true, [Symbol(proc-log.meta)]: true }
622 verbose exit 0
623 info ok
